Using pre-set license
Built from '2020.3/staging' branch; Version is '2020.3.5f1 (8095aa901b9b) revision 8426922'; Using compiler version '192528614'; Build Type 'Release'
OS: 'Windows 10 Home Single Language; OS build 19041.1052; Version 2004; 64bit' Language: 'es' Physical Memory: 16266 MB
BatchMode: 1, IsHumanControllingUs: 0, StartBugReporterOnCrash: 0, Is64bit: 1, IsPro: 0

 COMMAND LINE ARGUMENTS:
C:\Program Files\Unity\Hub\Editor\2020.3.5f1\Editor\Unity.exe
-adb2
-batchMode
-noUpm
-name
AssetImportWorker0
-projectPath
C:/Users/thoma/Github/E.M2.0/Eutanacia mental
-logFile
Logs/AssetImportWorker0.log
-srvPort
60597
Successfully changed project path to: C:/Users/thoma/Github/E.M2.0/Eutanacia mental
C:/Users/thoma/Github/E.M2.0/Eutanacia mental
Using Asset Import Pipeline V2.
Refreshing native plugins compatible for Editor in 55.64 ms, found 0 plugins.
Preloading 0 native plugins for Editor in 0.00 ms.
Initialize engine version: 2020.3.5f1 (8095aa901b9b)
[Subsystems] Discovering subsystems at path C:/Program Files/Unity/Hub/Editor/2020.3.5f1/Editor/Data/Resources/UnitySubsystems
[Subsystems] Discovering subsystems at path C:/Users/thoma/Github/E.M2.0/Eutanacia mental/Assets
GfxDevice: creating device client; threaded=0
Direct3D:
    Version:  Direct3D 11.0 [level 11.1]
    Renderer: Intel(R) UHD Graphics 620 (ID=0x5917)
    Vendor:   
    VRAM:     8133 MB
    Driver:   26.20.100.7372
Initialize mono
Mono path[0] = 'C:/Program Files/Unity/Hub/Editor/2020.3.5f1/Editor/Data/Managed'
Mono path[1] = 'C:/Program Files/Unity/Hub/Editor/2020.3.5f1/Editor/Data/MonoBleedingEdge/lib/mono/unityjit'
Mono config path = 'C:/Program Files/Unity/Hub/Editor/2020.3.5f1/Editor/Data/MonoBleedingEdge/etc'
Using monoOptions --debugger-agent=transport=dt_socket,embedding=1,server=y,suspend=n,address=127.0.0.1:56732
Begin MonoManager ReloadAssembly
Registering precompiled unity dll's ...
Register platform support module: C:/Program Files/Unity/Hub/Editor/2020.3.5f1/Editor/Data/PlaybackEngines/WindowsStandaloneSupport/UnityEditor.WindowsStandalone.Extensions.dll
Registered in 0.002526 seconds.
Native extension for WindowsStandalone target not found
Refreshing native plugins compatible for Editor in 52.25 ms, found 0 plugins.
Preloading 0 native plugins for Editor in 0.00 ms.
Mono: successfully reloaded assembly
- Completed reload, in  1.453 seconds
Platform modules already initialized, skipping
Registering precompiled user dll's ...
Registered in 0.002485 seconds.
Begin MonoManager ReloadAssembly
Native extension for WindowsStandalone target not found
Refreshing native plugins compatible for Editor in 0.45 ms, found 0 plugins.
Preloading 0 native plugins for Editor in 0.00 ms.
Mono: successfully reloaded assembly
- Completed reload, in  1.415 seconds
Platform modules already initialized, skipping
========================================================================
Worker process is ready to serve import requests
Launched and connected shader compiler UnityShaderCompiler.exe after 0.06 seconds
Refreshing native plugins compatible for Editor in 0.48 ms, found 0 plugins.
Preloading 0 native plugins for Editor in 0.00 ms.
Unloading 1430 Unused Serialized files (Serialized files now loaded: 0)
System memory in use before: 87.2 MB.
System memory in use after: 87.3 MB.

Unloading 33 unused Assets to reduce memory usage. Loaded Objects now: 1882.
Total: 2.570400 ms (FindLiveObjects: 0.279600 ms CreateObjectMapping: 0.116500 ms MarkObjects: 2.043600 ms  DeleteObjects: 0.129600 ms)

========================================================================
Received Import Request.
  path: Assets/Scripts/PuertaScrip.cs
  artifactKey: Guid(b11b6a52d94d89142af566ea5ff98bca) Importer(815301076,1909f56bfc062723c751e8b465ee728b)
Start importing Assets/Scripts/PuertaScrip.cs using Guid(b11b6a52d94d89142af566ea5ff98bca) Importer(815301076,1909f56bfc062723c751e8b465ee728b)  -> (artifact id: 'c76869fcc501696546a0ae9e3f27d967') in 0.063094 seconds
  Import took 0.067245 seconds .

========================================================================
Received Import Request.
  Time since last request: 122.409453 seconds.
  path: Assets/Scripts/PuertaScrip.cs
  artifactKey: Guid(b11b6a52d94d89142af566ea5ff98bca) Importer(815301076,1909f56bfc062723c751e8b465ee728b)
Start importing Assets/Scripts/PuertaScrip.cs using Guid(b11b6a52d94d89142af566ea5ff98bca) Importer(815301076,1909f56bfc062723c751e8b465ee728b)  -> (artifact id: 'a2ae70342fc86a1eb36950b7f300c9d9') in 0.006024 seconds
  Import took 0.010483 seconds .

========================================================================
Received Import Request.
  Time since last request: 0.035437 seconds.
  path: Assets/Scripts/PuertaScrip.cs
  artifactKey: Guid(b11b6a52d94d89142af566ea5ff98bca) Importer(815301076,1909f56bfc062723c751e8b465ee728b)
Start importing Assets/Scripts/PuertaScrip.cs using Guid(b11b6a52d94d89142af566ea5ff98bca) Importer(815301076,1909f56bfc062723c751e8b465ee728b)  -> (artifact id: 'a2ae70342fc86a1eb36950b7f300c9d9') in 0.011979 seconds
  Import took 0.019894 seconds .

AssetImportWorkerClient::OnTransportError - code=2 error=End of file
