Using pre-set license
Built from '2020.3/staging' branch; Version is '2020.3.5f1 (8095aa901b9b) revision 8426922'; Using compiler version '192528614'; Build Type 'Release'
OS: 'Windows 10 Home Single Language; OS build 19041.1052; Version 2004; 64bit' Language: 'es' Physical Memory: 16266 MB
BatchMode: 1, IsHumanControllingUs: 0, StartBugReporterOnCrash: 0, Is64bit: 1, IsPro: 0

 COMMAND LINE ARGUMENTS:
C:\Program Files\Unity\Hub\Editor\2020.3.5f1\Editor\Unity.exe
-adb2
-batchMode
-noUpm
-name
AssetImportWorker0
-projectPath
C:/Users/thoma/Github/E.M2.0/Eutanacia mental
-logFile
Logs/AssetImportWorker0.log
-srvPort
51899
Successfully changed project path to: C:/Users/thoma/Github/E.M2.0/Eutanacia mental
C:/Users/thoma/Github/E.M2.0/Eutanacia mental
Using Asset Import Pipeline V2.
Refreshing native plugins compatible for Editor in 60.10 ms, found 0 plugins.
Preloading 0 native plugins for Editor in 0.00 ms.
Initialize engine version: 2020.3.5f1 (8095aa901b9b)
[Subsystems] Discovering subsystems at path C:/Program Files/Unity/Hub/Editor/2020.3.5f1/Editor/Data/Resources/UnitySubsystems
[Subsystems] Discovering subsystems at path C:/Users/thoma/Github/E.M2.0/Eutanacia mental/Assets
GfxDevice: creating device client; threaded=0
Direct3D:
    Version:  Direct3D 11.0 [level 11.1]
    Renderer: Intel(R) UHD Graphics 620 (ID=0x5917)
    Vendor:   
    VRAM:     8133 MB
    Driver:   26.20.100.7372
Initialize mono
Mono path[0] = 'C:/Program Files/Unity/Hub/Editor/2020.3.5f1/Editor/Data/Managed'
Mono path[1] = 'C:/Program Files/Unity/Hub/Editor/2020.3.5f1/Editor/Data/MonoBleedingEdge/lib/mono/unityjit'
Mono config path = 'C:/Program Files/Unity/Hub/Editor/2020.3.5f1/Editor/Data/MonoBleedingEdge/etc'
Using monoOptions --debugger-agent=transport=dt_socket,embedding=1,server=y,suspend=n,address=127.0.0.1:56824
Begin MonoManager ReloadAssembly
Registering precompiled unity dll's ...
Register platform support module: C:/Program Files/Unity/Hub/Editor/2020.3.5f1/Editor/Data/PlaybackEngines/WindowsStandaloneSupport/UnityEditor.WindowsStandalone.Extensions.dll
Registered in 0.005172 seconds.
Native extension for WindowsStandalone target not found
Refreshing native plugins compatible for Editor in 58.26 ms, found 0 plugins.
Preloading 0 native plugins for Editor in 0.00 ms.
Mono: successfully reloaded assembly
- Completed reload, in  1.746 seconds
Platform modules already initialized, skipping
Registering precompiled user dll's ...
Registered in 0.003019 seconds.
Begin MonoManager ReloadAssembly
Native extension for WindowsStandalone target not found
Refreshing native plugins compatible for Editor in 0.53 ms, found 0 plugins.
Preloading 0 native plugins for Editor in 0.00 ms.
Mono: successfully reloaded assembly
- Completed reload, in  1.800 seconds
Platform modules already initialized, skipping
========================================================================
Worker process is ready to serve import requests
Launched and connected shader compiler UnityShaderCompiler.exe after 0.09 seconds
Refreshing native plugins compatible for Editor in 0.50 ms, found 0 plugins.
Preloading 0 native plugins for Editor in 0.00 ms.
Unloading 1430 Unused Serialized files (Serialized files now loaded: 0)
System memory in use before: 87.3 MB.
System memory in use after: 87.3 MB.

Unloading 33 unused Assets to reduce memory usage. Loaded Objects now: 1882.
Total: 2.679900 ms (FindLiveObjects: 0.338900 ms CreateObjectMapping: 0.107900 ms MarkObjects: 2.083400 ms  DeleteObjects: 0.148600 ms)

========================================================================
Received Import Request.
  path: Assets/Scripts/PuertaScrip.cs
  artifactKey: Guid(b11b6a52d94d89142af566ea5ff98bca) Importer(815301076,1909f56bfc062723c751e8b465ee728b)
Start importing Assets/Scripts/PuertaScrip.cs using Guid(b11b6a52d94d89142af566ea5ff98bca) Importer(815301076,1909f56bfc062723c751e8b465ee728b)  -> (artifact id: '8ce4053cef122d4024cf057d0025b5c0') in 0.074422 seconds
  Import took 0.081307 seconds .

========================================================================
Received Import Request.
  Time since last request: 98.677294 seconds.
  path: Assets/Scripts/PuertaScrip.cs
  artifactKey: Guid(b11b6a52d94d89142af566ea5ff98bca) Importer(815301076,1909f56bfc062723c751e8b465ee728b)
Start importing Assets/Scripts/PuertaScrip.cs using Guid(b11b6a52d94d89142af566ea5ff98bca) Importer(815301076,1909f56bfc062723c751e8b465ee728b)  -> (artifact id: '8c7ce2d0c9703712bfc458bed2769580') in 0.038674 seconds
  Import took 0.066912 seconds .

========================================================================
Received Prepare
Registering precompiled user dll's ...
Registered in 0.115188 seconds.
Begin MonoManager ReloadAssembly
Native extension for WindowsStandalone target not found
Refreshing native plugins compatible for Editor in 0.67 ms, found 0 plugins.
Preloading 0 native plugins for Editor in 0.00 ms.
Mono: successfully reloaded assembly
- Completed reload, in  4.002 seconds
Platform modules already initialized, skipping
Refreshing native plugins compatible for Editor in 0.72 ms, found 0 plugins.
Preloading 0 native plugins for Editor in 0.00 ms.
Unloading 1412 Unused Serialized files (Serialized files now loaded: 0)
System memory in use before: 86.0 MB.
System memory in use after: 86.0 MB.

Unloading 25 unused Assets to reduce memory usage. Loaded Objects now: 1885.
Total: 4.812500 ms (FindLiveObjects: 0.516600 ms CreateObjectMapping: 0.207500 ms MarkObjects: 3.858900 ms  DeleteObjects: 0.225900 ms)

========================================================================
Received Prepare
Registering precompiled user dll's ...
Registered in 0.007079 seconds.
Begin MonoManager ReloadAssembly
Native extension for WindowsStandalone target not found
Refreshing native plugins compatible for Editor in 1.86 ms, found 0 plugins.
Preloading 0 native plugins for Editor in 0.00 ms.
Mono: successfully reloaded assembly
- Completed reload, in  3.191 seconds
Platform modules already initialized, skipping
Refreshing native plugins compatible for Editor in 1.09 ms, found 0 plugins.
Preloading 0 native plugins for Editor in 0.00 ms.
Unloading 1412 Unused Serialized files (Serialized files now loaded: 0)
System memory in use before: 86.0 MB.
System memory in use after: 86.1 MB.

Unloading 25 unused Assets to reduce memory usage. Loaded Objects now: 1888.
Total: 3.429700 ms (FindLiveObjects: 0.383700 ms CreateObjectMapping: 0.119200 ms MarkObjects: 2.798700 ms  DeleteObjects: 0.126400 ms)

========================================================================
Received Prepare
Registering precompiled user dll's ...
Registered in 0.013173 seconds.
Begin MonoManager ReloadAssembly
Native extension for WindowsStandalone target not found
Refreshing native plugins compatible for Editor in 0.84 ms, found 0 plugins.
Preloading 0 native plugins for Editor in 0.00 ms.
Mono: successfully reloaded assembly
- Completed reload, in  3.271 seconds
Platform modules already initialized, skipping
Refreshing native plugins compatible for Editor in 0.77 ms, found 0 plugins.
Preloading 0 native plugins for Editor in 0.00 ms.
Unloading 1412 Unused Serialized files (Serialized files now loaded: 0)
System memory in use before: 86.0 MB.
System memory in use after: 86.1 MB.

Unloading 25 unused Assets to reduce memory usage. Loaded Objects now: 1891.
Total: 7.002600 ms (FindLiveObjects: 0.446700 ms CreateObjectMapping: 0.225000 ms MarkObjects: 6.132200 ms  DeleteObjects: 0.196000 ms)

========================================================================
Received Import Request.
  Time since last request: 319.351567 seconds.
  path: Assets/Scenes/Juego.unity
  artifactKey: Guid(cc2e153daa13a3740833348993556dd2) Importer(815301076,1909f56bfc062723c751e8b465ee728b)
Start importing Assets/Scenes/Juego.unity using Guid(cc2e153daa13a3740833348993556dd2) Importer(815301076,1909f56bfc062723c751e8b465ee728b)  -> (artifact id: '38a5d3bda368f20357b2a8d94630c6f7') in 0.037950 seconds
  Import took 0.042561 seconds .

========================================================================
Received Prepare
Registering precompiled user dll's ...
Registered in 0.003540 seconds.
Begin MonoManager ReloadAssembly
Native extension for WindowsStandalone target not found
Refreshing native plugins compatible for Editor in 0.45 ms, found 0 plugins.
Preloading 0 native plugins for Editor in 0.00 ms.
Mono: successfully reloaded assembly
- Completed reload, in  1.054 seconds
Platform modules already initialized, skipping
Refreshing native plugins compatible for Editor in 0.45 ms, found 0 plugins.
Preloading 0 native plugins for Editor in 0.00 ms.
Unloading 1412 Unused Serialized files (Serialized files now loaded: 0)
System memory in use before: 86.0 MB.
System memory in use after: 86.1 MB.

Unloading 25 unused Assets to reduce memory usage. Loaded Objects now: 1894.
Total: 2.648500 ms (FindLiveObjects: 0.177300 ms CreateObjectMapping: 0.056600 ms MarkObjects: 2.270400 ms  DeleteObjects: 0.143300 ms)

========================================================================
Received Prepare
Registering precompiled user dll's ...
Registered in 0.008697 seconds.
Begin MonoManager ReloadAssembly
Native extension for WindowsStandalone target not found
Refreshing native plugins compatible for Editor in 0.85 ms, found 0 plugins.
Preloading 0 native plugins for Editor in 0.00 ms.
Mono: successfully reloaded assembly
- Completed reload, in  1.186 seconds
Platform modules already initialized, skipping
Refreshing native plugins compatible for Editor in 0.44 ms, found 0 plugins.
Preloading 0 native plugins for Editor in 0.00 ms.
Unloading 1412 Unused Serialized files (Serialized files now loaded: 0)
System memory in use before: 86.0 MB.
System memory in use after: 86.1 MB.

Unloading 25 unused Assets to reduce memory usage. Loaded Objects now: 1897.
Total: 2.327100 ms (FindLiveObjects: 0.167000 ms CreateObjectMapping: 0.043700 ms MarkObjects: 2.033100 ms  DeleteObjects: 0.082300 ms)

========================================================================
Received Import Request.
  Time since last request: 450.455864 seconds.
  path: Assets/Scenes/MenuOpciones.unity
  artifactKey: Guid(9fc0d4010bbf28b4594072e72b8655ab) Importer(815301076,1909f56bfc062723c751e8b465ee728b)
Start importing Assets/Scenes/MenuOpciones.unity using Guid(9fc0d4010bbf28b4594072e72b8655ab) Importer(815301076,1909f56bfc062723c751e8b465ee728b)  -> (artifact id: 'f858110a263c51f3d60d0ff74998a2c6') in 0.028611 seconds
  Import took 0.031565 seconds .

========================================================================
Received Prepare
Registering precompiled user dll's ...
Registered in 0.004747 seconds.
Begin MonoManager ReloadAssembly
Native extension for WindowsStandalone target not found
Refreshing native plugins compatible for Editor in 0.87 ms, found 0 plugins.
Preloading 0 native plugins for Editor in 0.00 ms.
Mono: successfully reloaded assembly
- Completed reload, in  1.249 seconds
Platform modules already initialized, skipping
Refreshing native plugins compatible for Editor in 0.46 ms, found 0 plugins.
Preloading 0 native plugins for Editor in 0.00 ms.
Unloading 1412 Unused Serialized files (Serialized files now loaded: 0)
System memory in use before: 86.0 MB.
System memory in use after: 86.1 MB.

Unloading 25 unused Assets to reduce memory usage. Loaded Objects now: 1900.
Total: 6.435900 ms (FindLiveObjects: 0.276400 ms CreateObjectMapping: 0.097100 ms MarkObjects: 5.621200 ms  DeleteObjects: 0.438100 ms)

========================================================================
Received Import Request.
  Time since last request: 94.151713 seconds.
  path: Assets/Scenes/Juego.unity
  artifactKey: Guid(cc2e153daa13a3740833348993556dd2) Importer(815301076,1909f56bfc062723c751e8b465ee728b)
Start importing Assets/Scenes/Juego.unity using Guid(cc2e153daa13a3740833348993556dd2) Importer(815301076,1909f56bfc062723c751e8b465ee728b)  -> (artifact id: '7677fea908f1cbed71806c61fc8c1365') in 0.030408 seconds
  Import took 0.035232 seconds .

========================================================================
Received Prepare
Registering precompiled user dll's ...
Registered in 0.004167 seconds.
Begin MonoManager ReloadAssembly
Native extension for WindowsStandalone target not found
Refreshing native plugins compatible for Editor in 0.56 ms, found 0 plugins.
Preloading 0 native plugins for Editor in 0.00 ms.
Mono: successfully reloaded assembly
- Completed reload, in  1.326 seconds
Platform modules already initialized, skipping
Refreshing native plugins compatible for Editor in 0.74 ms, found 0 plugins.
Preloading 0 native plugins for Editor in 0.00 ms.
Unloading 1412 Unused Serialized files (Serialized files now loaded: 0)
System memory in use before: 86.1 MB.
System memory in use after: 86.1 MB.

Unloading 25 unused Assets to reduce memory usage. Loaded Objects now: 1903.
Total: 4.635000 ms (FindLiveObjects: 0.405100 ms CreateObjectMapping: 0.220000 ms MarkObjects: 3.826300 ms  DeleteObjects: 0.178600 ms)

========================================================================
Received Prepare
Registering precompiled user dll's ...
Registered in 0.004427 seconds.
Begin MonoManager ReloadAssembly
Native extension for WindowsStandalone target not found
Refreshing native plugins compatible for Editor in 0.44 ms, found 0 plugins.
Preloading 0 native plugins for Editor in 0.00 ms.
Mono: successfully reloaded assembly
- Completed reload, in  1.529 seconds
Platform modules already initialized, skipping
Refreshing native plugins compatible for Editor in 0.48 ms, found 0 plugins.
Preloading 0 native plugins for Editor in 0.00 ms.
Unloading 1412 Unused Serialized files (Serialized files now loaded: 0)
System memory in use before: 86.1 MB.
System memory in use after: 86.1 MB.

Unloading 25 unused Assets to reduce memory usage. Loaded Objects now: 1906.
Total: 4.561800 ms (FindLiveObjects: 0.204500 ms CreateObjectMapping: 0.086600 ms MarkObjects: 4.017500 ms  DeleteObjects: 0.251500 ms)

========================================================================
Received Prepare
Registering precompiled user dll's ...
Registered in 0.016442 seconds.
Begin MonoManager ReloadAssembly
Native extension for WindowsStandalone target not found
Refreshing native plugins compatible for Editor in 0.50 ms, found 0 plugins.
Preloading 0 native plugins for Editor in 0.00 ms.
Mono: successfully reloaded assembly
- Completed reload, in  1.643 seconds
Platform modules already initialized, skipping
Refreshing native plugins compatible for Editor in 0.48 ms, found 0 plugins.
Preloading 0 native plugins for Editor in 0.00 ms.
Unloading 1412 Unused Serialized files (Serialized files now loaded: 0)
System memory in use before: 86.1 MB.
System memory in use after: 86.1 MB.

Unloading 25 unused Assets to reduce memory usage. Loaded Objects now: 1909.
Total: 2.759000 ms (FindLiveObjects: 0.261500 ms CreateObjectMapping: 0.063600 ms MarkObjects: 2.327700 ms  DeleteObjects: 0.104600 ms)

========================================================================
Received Import Request.
  Time since last request: 238.717187 seconds.
  path: Assets/Scenes/Juego.unity
  artifactKey: Guid(cc2e153daa13a3740833348993556dd2) Importer(815301076,1909f56bfc062723c751e8b465ee728b)
Start importing Assets/Scenes/Juego.unity using Guid(cc2e153daa13a3740833348993556dd2) Importer(815301076,1909f56bfc062723c751e8b465ee728b)  -> (artifact id: '0e8854eb12e88d7bf8eea9832c5fcfc8') in 0.023969 seconds
  Import took 0.027170 seconds .

========================================================================
Received Import Request.
  Time since last request: 205.127637 seconds.
  path: Assets/Scenes/Juego.unity
  artifactKey: Guid(cc2e153daa13a3740833348993556dd2) Importer(815301076,1909f56bfc062723c751e8b465ee728b)
Start importing Assets/Scenes/Juego.unity using Guid(cc2e153daa13a3740833348993556dd2) Importer(815301076,1909f56bfc062723c751e8b465ee728b)  -> (artifact id: '03c522db6dea4f08e7b529a21cb30354') in 0.004869 seconds
  Import took 0.009411 seconds .

========================================================================
Received Prepare
Registering precompiled user dll's ...
Registered in 0.004242 seconds.
Begin MonoManager ReloadAssembly
Native extension for WindowsStandalone target not found
Refreshing native plugins compatible for Editor in 0.53 ms, found 0 plugins.
Preloading 0 native plugins for Editor in 0.00 ms.
Mono: successfully reloaded assembly
- Completed reload, in  0.934 seconds
Platform modules already initialized, skipping
Refreshing native plugins compatible for Editor in 0.40 ms, found 0 plugins.
Preloading 0 native plugins for Editor in 0.00 ms.
Unloading 1412 Unused Serialized files (Serialized files now loaded: 0)
System memory in use before: 86.1 MB.
System memory in use after: 86.2 MB.

Unloading 25 unused Assets to reduce memory usage. Loaded Objects now: 1912.
Total: 2.425400 ms (FindLiveObjects: 0.136400 ms CreateObjectMapping: 0.039100 ms MarkObjects: 2.109500 ms  DeleteObjects: 0.139300 ms)

========================================================================
Received Import Request.
  Time since last request: 163.299101 seconds.
  path: Assets/Objetos/Male.OBJ
  artifactKey: Guid(695074c26b4dbad43bc44ff4c86ab331) Importer(815301076,1909f56bfc062723c751e8b465ee728b)
Start importing Assets/Objetos/Male.OBJ using Guid(695074c26b4dbad43bc44ff4c86ab331) Importer(815301076,1909f56bfc062723c751e8b465ee728b)  -> (artifact id: 'c7d64f864875abe9a3e2998423b15f57') in 0.878174 seconds
  Import took 0.887366 seconds .

========================================================================
Received Prepare
Registering precompiled user dll's ...
Registered in 0.005357 seconds.
Begin MonoManager ReloadAssembly
Native extension for WindowsStandalone target not found
Refreshing native plugins compatible for Editor in 0.56 ms, found 0 plugins.
Preloading 0 native plugins for Editor in 0.00 ms.
Mono: successfully reloaded assembly
- Completed reload, in  1.041 seconds
Platform modules already initialized, skipping
Refreshing native plugins compatible for Editor in 0.38 ms, found 0 plugins.
Preloading 0 native plugins for Editor in 0.00 ms.
Unloading 1412 Unused Serialized files (Serialized files now loaded: 0)
System memory in use before: 89.5 MB.
System memory in use after: 89.6 MB.

Unloading 25 unused Assets to reduce memory usage. Loaded Objects now: 1958.
Total: 3.125300 ms (FindLiveObjects: 0.335900 ms CreateObjectMapping: 0.062300 ms MarkObjects: 2.629800 ms  DeleteObjects: 0.096200 ms)

AssetImportWorkerClient::OnTransportError - code=2 error=End of file
